0 info it worked if it ends with ok
1 verbose cli [ 'node',
1 verbose cli   '/usr/local/bin/npm',
1 verbose cli   'install',
1 verbose cli   'grunt-casperjs',
1 verbose cli   '--save-dev' ]
2 info using npm@2.1.11
3 info using node@v0.10.33
4 verbose node symlink /usr/local/bin/node
5 silly cache add args [ 'grunt-casperjs', null ]
6 verbose cache add spec grunt-casperjs
7 silly cache add parsed spec { raw: 'grunt-casperjs',
7 silly cache add   scope: null,
7 silly cache add   name: 'grunt-casperjs',
7 silly cache add   rawSpec: '',
7 silly cache add   spec: '*',
7 silly cache add   type: 'range' }
8 verbose addNamed grunt-casperjs@*
9 silly addNamed semver.valid null
10 silly addNamed semver.validRange *
11 silly addNameRange { name: 'grunt-casperjs', range: '*', hasData: false }
12 silly mapToRegistry name grunt-casperjs
13 silly mapToRegistry using default registry
14 silly mapToRegistry registry http://registry.npmjs.org/
15 silly mapToRegistry uri http://registry.npmjs.org/grunt-casperjs
16 verbose addNameRange registry:http://registry.npmjs.org/grunt-casperjs not in flight; fetching
17 verbose request uri http://registry.npmjs.org/grunt-casperjs
18 verbose request no auth needed
19 info attempt registry request try #1 at 02:41:14
20 verbose request id d616e35a4829460b
21 verbose etag "15MRO7AT66LO8PWG03OHZF7GW"
22 http request GET http://registry.npmjs.org/grunt-casperjs
23 http 304 http://registry.npmjs.org/grunt-casperjs
24 silly get cb [ 304,
24 silly get   { date: 'Sat, 20 Dec 2014 18:41:14 GMT',
24 silly get     via: '1.1 varnish',
24 silly get     'last-modified': 'Sat, 20 Dec 2014 18:40:19 GMT',
24 silly get     'cache-control': 'max-age=60',
24 silly get     etag: '"15MRO7AT66LO8PWG03OHZF7GW"',
24 silly get     age: '54',
24 silly get     connection: 'keep-alive',
24 silly get     'x-served-by': 'cache-hk90-HKG',
24 silly get     'x-cache': 'HIT',
24 silly get     'x-cache-hits': '1',
24 silly get     'x-timer': 'S1419100874.261310,VS0,VE0',
24 silly get     vary: 'Accept' } ]
25 verbose etag http://registry.npmjs.org/grunt-casperjs from cache
26 silly addNameRange number 2 { name: 'grunt-casperjs', range: '*', hasData: true }
27 silly addNameRange versions [ 'grunt-casperjs',
27 silly addNameRange   [ '1.0.0',
27 silly addNameRange     '1.0.1',
27 silly addNameRange     '1.0.2',
27 silly addNameRange     '1.0.3',
27 silly addNameRange     '1.0.4',
27 silly addNameRange     '1.0.5',
27 silly addNameRange     '1.0.6',
27 silly addNameRange     '1.0.7',
27 silly addNameRange     '1.0.8',
27 silly addNameRange     '1.0.9',
27 silly addNameRange     '1.0.10',
27 silly addNameRange     '1.1.0',
27 silly addNameRange     '1.1.1',
27 silly addNameRange     '1.1.2',
27 silly addNameRange     '1.2.0',
27 silly addNameRange     '1.2.1',
27 silly addNameRange     '1.3.0',
27 silly addNameRange     '1.4.0',
27 silly addNameRange     '1.5.0',
27 silly addNameRange     '2.0.0',
27 silly addNameRange     '2.0.1',
27 silly addNameRange     '2.0.2' ] ]
28 verbose addNamed grunt-casperjs@2.0.2
29 silly addNamed semver.valid 2.0.2
30 silly addNamed semver.validRange 2.0.2
31 silly cache afterAdd grunt-casperjs@2.0.2
32 verbose afterAdd /Users/Victor/.npm/grunt-casperjs/2.0.2/package/package.json not in flight; writing
33 verbose afterAdd /Users/Victor/.npm/grunt-casperjs/2.0.2/package/package.json written
34 silly install resolved [ { name: 'grunt-casperjs',
34 silly install resolved     description: 'With this grunt.js task you can run tests with CasperJS.',
34 silly install resolved     version: '2.0.2',
34 silly install resolved     homepage: 'https://github.com/ronaldlokers/grunt-casperjs',
34 silly install resolved     author:
34 silly install resolved      { name: 'Ronald Lokers',
34 silly install resolved        email: 'ronaldlokers@me.com',
34 silly install resolved        url: 'http://www.ronaldlokers.nl' },
34 silly install resolved     contributors: [ [Object], [Object], [Object] ],
34 silly install resolved     repository:
34 silly install resolved      { type: 'git',
34 silly install resolved        url: 'git://github.com/ronaldlokers/grunt-casperjs.git' },
34 silly install resolved     bugs: { url: 'https://github.com/ronaldlokers/grunt-casperjs/issues' },
34 silly install resolved     licenses: [ [Object] ],
34 silly install resolved     engines: { node: '>= 0.8.0' },
34 silly install resolved     dependencies: { phantomjs: '~1.9.1', casperjs: '~1.1' },
34 silly install resolved     devDependencies:
34 silly install resolved      { 'grunt-contrib-jshint': '~0.1.1',
34 silly install resolved        'grunt-contrib-clean': '~0.4.0',
34 silly install resolved        'grunt-contrib-nodeunit': '~0.1.2',
34 silly install resolved        grunt: '~0.4.0' },
34 silly install resolved     peerDependencies: { grunt: '~0.4.0' },
34 silly install resolved     keywords: [ 'gruntplugin', 'casperjs' ],
34 silly install resolved     _id: 'grunt-casperjs@2.0.2',
34 silly install resolved     dist:
34 silly install resolved      { shasum: '13f7e3be58ce399f781af173a1739f60eb5a3607',
34 silly install resolved        tarball: 'http://registry.npmjs.org/grunt-casperjs/-/grunt-casperjs-2.0.2.tgz' },
34 silly install resolved     _from: 'grunt-casperjs@*',
34 silly install resolved     _npmVersion: '1.4.3',
34 silly install resolved     _npmUser: { name: 'gorillamania', email: 'nick@sullivanflock.com' },
34 silly install resolved     maintainers: [ [Object], [Object], [Object] ],
34 silly install resolved     directories: {},
34 silly install resolved     _shasum: '13f7e3be58ce399f781af173a1739f60eb5a3607',
34 silly install resolved     _resolved: 'http://registry.npmjs.org/grunt-casperjs/-/grunt-casperjs-2.0.2.tgz',
34 silly install resolved     readme: 'ERROR: No README data found!' } ]
35 info install grunt-casperjs@2.0.2 into /Users/Victor/Workspace/on-tapp
36 info installOne grunt-casperjs@2.0.2
37 verbose installOne of grunt-casperjs to /Users/Victor/Workspace/on-tapp not in flight; installing
38 verbose lock using /Users/Victor/.npm/_locks/grunt-casperjs-ff46131ddcef4ae1.lock for /Users/Victor/Workspace/on-tapp/node_modules/grunt-casperjs
39 silly install write writing grunt-casperjs 2.0.2 to /Users/Victor/Workspace/on-tapp/node_modules/grunt-casperjs
40 silly cache addNamed cb grunt-casperjs@2.0.2
41 verbose unbuild node_modules/grunt-casperjs
42 verbose gentlyRm vacuuming /Users/Victor/Workspace/on-tapp/node_modules/grunt-casperjs
43 verbose tar unpack /Users/Victor/.npm/grunt-casperjs/2.0.2/package.tgz
44 verbose tar unpacking to /Users/Victor/Workspace/on-tapp/node_modules/grunt-casperjs
45 verbose gentlyRm vacuuming /Users/Victor/Workspace/on-tapp/node_modules/grunt-casperjs
46 silly gunzTarPerm modes [ '755', '644' ]
47 silly gunzTarPerm extractEntry package.json
48 silly gunzTarPerm extractEntry .npmignore
49 silly gunzTarPerm extractEntry README.md
50 silly gunzTarPerm extractEntry Gruntfile.js
51 silly gunzTarPerm extractEntry .jshintrc
52 silly gunzTarPerm extractEntry LICENSE-MIT
53 silly gunzTarPerm extractEntry tasks/casperjs.js
54 silly gunzTarPerm extractEntry tasks/lib/casperjs-path.js
55 silly gunzTarPerm extractEntry tasks/lib/casperjs.js
56 silly gunzTarPerm extractEntry test/casperjs.js
57 info preinstall grunt-casperjs@2.0.2
58 silly prepareForInstallMany adding phantomjs@~1.9.1 from grunt-casperjs dependencies
59 silly prepareForInstallMany adding casperjs@~1.1 from grunt-casperjs dependencies
60 silly cache add args [ 'phantomjs@~1.9.1', null ]
61 verbose cache add spec phantomjs@~1.9.1
62 silly cache add args [ 'casperjs@~1.1', null ]
63 verbose cache add spec casperjs@~1.1
64 silly cache add parsed spec { raw: 'phantomjs@~1.9.1',
64 silly cache add   scope: null,
64 silly cache add   name: 'phantomjs',
64 silly cache add   rawSpec: '~1.9.1',
64 silly cache add   spec: '>=1.9.1 <1.10.0',
64 silly cache add   type: 'range' }
65 verbose addNamed phantomjs@>=1.9.1 <1.10.0
66 silly addNamed semver.valid null
67 silly addNamed semver.validRange >=1.9.1 <1.10.0
68 silly addNameRange { name: 'phantomjs', range: '>=1.9.1 <1.10.0', hasData: false }
69 silly mapToRegistry name phantomjs
70 silly mapToRegistry using default registry
71 silly mapToRegistry registry http://registry.npmjs.org/
72 silly mapToRegistry uri http://registry.npmjs.org/phantomjs
73 verbose addNameRange registry:http://registry.npmjs.org/phantomjs not in flight; fetching
74 silly cache add parsed spec { raw: 'casperjs@~1.1',
74 silly cache add   scope: null,
74 silly cache add   name: 'casperjs',
74 silly cache add   rawSpec: '~1.1',
74 silly cache add   spec: '>=1.1.0 <1.2.0',
74 silly cache add   type: 'range' }
75 verbose addNamed casperjs@>=1.1.0 <1.2.0
76 silly addNamed semver.valid null
77 silly addNamed semver.validRange >=1.1.0 <1.2.0
78 silly addNameRange { name: 'casperjs', range: '>=1.1.0 <1.2.0', hasData: false }
79 silly mapToRegistry name casperjs
80 silly mapToRegistry using default registry
81 silly mapToRegistry registry http://registry.npmjs.org/
82 silly mapToRegistry uri http://registry.npmjs.org/casperjs
83 verbose addNameRange registry:http://registry.npmjs.org/casperjs not in flight; fetching
84 verbose request uri http://registry.npmjs.org/phantomjs
85 verbose request no auth needed
86 info attempt registry request try #1 at 02:41:14
87 verbose etag "BP25I2XDD7HG8FO3MYS5P6JT2"
88 http request GET http://registry.npmjs.org/phantomjs
89 verbose request uri http://registry.npmjs.org/casperjs
90 verbose request no auth needed
91 info attempt registry request try #1 at 02:41:14
92 verbose etag "BPDT50ZFN3I83XKHZG2PIFQA1"
93 http request GET http://registry.npmjs.org/casperjs
94 http 304 http://registry.npmjs.org/phantomjs
95 silly get cb [ 304,
95 silly get   { date: 'Sat, 20 Dec 2014 18:41:14 GMT',
95 silly get     via: '1.1 varnish',
95 silly get     'last-modified': 'Sat, 20 Dec 2014 18:16:10 GMT',
95 silly get     'cache-control': 'max-age=60',
95 silly get     etag: '"BP25I2XDD7HG8FO3MYS5P6JT2"',
95 silly get     age: '53',
95 silly get     connection: 'keep-alive',
95 silly get     'x-served-by': 'cache-hk92-HKG',
95 silly get     'x-cache': 'HIT',
95 silly get     'x-cache-hits': '3',
95 silly get     'x-timer': 'S1419100874.369438,VS0,VE0',
95 silly get     vary: 'Accept' } ]
96 verbose etag http://registry.npmjs.org/phantomjs from cache
97 http 304 http://registry.npmjs.org/casperjs
98 silly get cb [ 304,
98 silly get   { date: 'Sat, 20 Dec 2014 18:41:14 GMT',
98 silly get     via: '1.1 varnish',
98 silly get     'last-modified': 'Sat, 20 Dec 2014 18:40:20 GMT',
98 silly get     'cache-control': 'max-age=60',
98 silly get     etag: '"BPDT50ZFN3I83XKHZG2PIFQA1"',
98 silly get     age: '53',
98 silly get     connection: 'keep-alive',
98 silly get     'x-served-by': 'cache-hk90-HKG',
98 silly get     'x-cache': 'HIT',
98 silly get     'x-cache-hits': '2',
98 silly get     'x-timer': 'S1419100874.369984,VS0,VE0',
98 silly get     vary: 'Accept' } ]
99 verbose etag http://registry.npmjs.org/casperjs from cache
100 silly addNameRange number 2 { name: 'casperjs', range: '>=1.1.0 <1.2.0', hasData: true }
101 silly addNameRange versions [ 'casperjs', [ '1.1.0-beta2', '1.1.0-beta3' ] ]
102 silly addNameRange number 2 { name: 'phantomjs', range: '>=1.9.1 <1.10.0', hasData: true }
103 silly addNameRange versions [ 'phantomjs',
103 silly addNameRange   [ '0.0.1',
103 silly addNameRange     '0.0.2',
103 silly addNameRange     '0.0.3',
103 silly addNameRange     '0.0.4',
103 silly addNameRange     '0.0.5',
103 silly addNameRange     '0.0.6',
103 silly addNameRange     '0.0.7',
103 silly addNameRange     '0.0.8',
103 silly addNameRange     '0.0.9',
103 silly addNameRange     '0.1.0',
103 silly addNameRange     '0.1.1',
103 silly addNameRange     '0.2.0',
103 silly addNameRange     '0.2.1',
103 silly addNameRange     '0.2.2',
103 silly addNameRange     '0.2.3',
103 silly addNameRange     '0.2.4',
103 silly addNameRange     '0.2.5',
103 silly addNameRange     '0.2.6',
103 silly addNameRange     '1.8.0-1',
103 silly addNameRange     '1.8.1-1',
103 silly addNameRange     '1.8.1-2',
103 silly addNameRange     '1.8.1-3',
103 silly addNameRange     '1.8.2-0',
103 silly addNameRange     '1.8.2-1',
103 silly addNameRange     '1.8.2-2',
103 silly addNameRange     '1.9.0-0',
103 silly addNameRange     '1.9.0-1',
103 silly addNameRange     '1.9.0-2',
103 silly addNameRange     '1.9.0-3',
103 silly addNameRange     '1.9.0-4',
103 silly addNameRange     '1.9.0-5',
103 silly addNameRange     '1.9.0-6',
103 silly addNameRange     '1.9.1-0',
103 silly addNameRange     '1.9.1-2',
103 silly addNameRange     '1.9.1-3',
103 silly addNameRange     '1.9.1-4',
103 silly addNameRange     '1.9.1-5',
103 silly addNameRange     '1.9.1-6',
103 silly addNameRange     '1.9.1-7',
103 silly addNameRange     '1.9.1-8',
103 silly addNameRange     '1.9.1-9',
103 silly addNameRange     '1.9.2-0',
103 silly addNameRange     '1.9.2-1',
103 silly addNameRange     '1.9.2-2',
103 silly addNameRange     '1.9.2-3',
103 silly addNameRange     '1.9.2-4',
103 silly addNameRange     '1.9.2-5',
103 silly addNameRange     '1.9.2-6',
103 silly addNameRange     '1.9.6-0',
103 silly addNameRange     '1.9.7-1',
103 silly addNameRange     '1.9.7-3',
103 silly addNameRange     '1.9.7-4',
103 silly addNameRange     '1.9.7-5',
103 silly addNameRange     '1.9.7-6',
103 silly addNameRange     '1.9.7-7',
103 silly addNameRange     '1.9.7-8',
103 silly addNameRange     '1.9.7-9',
103 silly addNameRange     '1.9.7-10',
103 silly addNameRange     '1.9.7-11',
103 silly addNameRange     '1.9.7-12',
103 silly addNameRange     '1.9.7-13',
103 silly addNameRange     '1.9.7-14',
103 silly addNameRange     '1.9.7-15',
103 silly addNameRange     '1.8.2-3',
103 silly addNameRange     '1.9.8',
103 silly addNameRange     '1.9.9',
103 silly addNameRange     '1.9.10',
103 silly addNameRange     '1.9.11',
103 silly addNameRange     '1.9.12',
103 silly addNameRange     '1.9.13' ] ]
104 verbose addNamed phantomjs@1.9.13
105 silly addNamed semver.valid 1.9.13
106 silly addNamed semver.validRange 1.9.13
107 silly cache afterAdd phantomjs@1.9.13
108 verbose afterAdd /Users/Victor/.npm/phantomjs/1.9.13/package/package.json not in flight; writing
109 verbose afterAdd /Users/Victor/.npm/phantomjs/1.9.13/package/package.json written
110 verbose about to build /Users/Victor/Workspace/on-tapp/node_modules/grunt-casperjs
111 verbose unlock done using /Users/Victor/.npm/_locks/grunt-casperjs-ff46131ddcef4ae1.lock for /Users/Victor/Workspace/on-tapp/node_modules/grunt-casperjs
112 verbose stack Error: No compatible version found: casperjs@'>=1.1.0 <1.2.0'
112 verbose stack Valid install targets:
112 verbose stack ["1.1.0-beta2","1.1.0-beta3"]
112 verbose stack
112 verbose stack     at installTargetsError (/usr/local/lib/node_modules/npm/lib/cache/add-named.js:259:12)
112 verbose stack     at next (/usr/local/lib/node_modules/npm/lib/cache/add-named.js:238:17)
112 verbose stack     at setData (/usr/local/lib/node_modules/npm/lib/cache/add-named.js:215:5)
112 verbose stack     at RES (/usr/local/lib/node_modules/npm/node_modules/inflight/inflight.js:23:14)
112 verbose stack     at f (/usr/local/lib/node_modules/npm/node_modules/once/once.js:17:25)
112 verbose stack     at saved (/usr/local/lib/node_modules/npm/lib/cache/caching-client.js:163:7)
112 verbose stack     at Object.oncomplete (fs.js:107:15)
113 verbose cwd /Users/Victor/Workspace/on-tapp
114 error Darwin 14.0.0
115 error argv "node" "/usr/local/bin/npm" "install" "grunt-casperjs" "--save-dev"
116 error node v0.10.33
117 error npm  v2.1.11
118 error code ETARGET
119 error notarget No compatible version found: casperjs@'>=1.1.0 <1.2.0'
119 error notarget Valid install targets:
119 error notarget ["1.1.0-beta2","1.1.0-beta3"]
119 error notarget
119 error notarget This is most likely not a problem with npm itself.
119 error notarget In most cases you or one of your dependencies are requesting
119 error notarget a package version that doesn't exist.
120 verbose exit [ 1, true ]
121 verbose unbuild node_modules/grunt-casperjs
122 info preuninstall grunt-casperjs@2.0.2
123 info uninstall grunt-casperjs@2.0.2
124 verbose unbuild rmStuff grunt-casperjs@2.0.2 from /Users/Victor/Workspace/on-tapp/node_modules
125 info postuninstall grunt-casperjs@2.0.2
126 verbose gentlyRm vacuuming /Users/Victor/Workspace/on-tapp/node_modules/grunt-casperjs
127 silly gentlyRm purging /Users/Victor/Workspace/on-tapp/node_modules/grunt-casperjs
128 silly gentlyRm quitting because other entries in /Users/Victor/Workspace/on-tapp/node_modules
